<?xml version="1.0" encoding="UTF-8"?>
<testsuites name="LoginNewManuscriptResume" time="43" tests="3" failures="0" errors="0">
   <testsuite name="LoginNewManuscriptResume" tests="3" failures="0" errors="0" time="43" timestamp="2018-03-27 10:28:04" hostname="vladstegaru - vlads-mbp.thinslices.com" id="Test Suites/LoginNewManuscriptResume">
      <properties>
         <property name="deviceName" value=""/>
         <property name="devicePlatform" value=""/>
         <property name="logFolder" value="/Users/vladstegaru/Documents/Hindawi/xpub-faraday/automation/Reports/LoginNewManuscriptResume/20180327_102802"/>
         <property name="logFiles" value="/Users/vladstegaru/Documents/Hindawi/xpub-faraday/automation/Reports/LoginNewManuscriptResume/20180327_102802/execution0.log"/>
         <property name="attachments" value=""/>
         <property name="hostName" value="vladstegaru - vlads-mbp.thinslices.com"/>
         <property name="os" value="Mac OS X 64bit"/>
         <property name="katalonVersion" value="5.3.1.1"/>
         <property name="browser" value="Chrome 65.0.3325.181"/>
         <property name="hostAddress" value="192.168.1.115"/>
         <property name="sessionId" value="6b09386982644a40735b70024273332b"/>
         <property name="seleniumVersion" value="3.7.1"/>
         <property name="proxyInformation" value="ProxyInformation{proxyOption=NO_PROXY, proxyServerType=HTTP, password=, proxyServerAddress=, proxyServerPort=0}"/>
         <property name="platform" value="Mac OS X"/>
      </properties>
      <testcase name="Test Cases/Sign In/Sign In flow" classname="Test Cases/Sign In/Sign In flow" status="PASSED">
         <system-out><![CDATA[2018-03-27 10:28:05 - [TEST_CASE][PASSED] - Test Cases/Sign In/Sign In flow: Test Cases/Sign In/Sign In flow

2018-03-27 10:28:05 - [TEST_STEP][PASSED] - openBrowser: Browser is opened with url: 'null'

2018-03-27 10:28:08 - [MESSAGE][PASSED] - Browser is opened with url: 'null'

2018-03-27 10:28:08 - [TEST_STEP][PASSED] - navigateToUrl: Navigate to 'https://xpub-faraday.now.sh/' successfully

2018-03-27 10:28:13 - [MESSAGE][PASSED] - Navigate to 'https://xpub-faraday.now.sh/' successfully

2018-03-27 10:28:13 - [TEST_STEP][PASSED] - Statement - username = com.kms.katalon.core.testobject.ObjectRepository.findTestObject(SignIn/username): Finding Test Object with id 'Object Repository/SignIn/username'

2018-03-27 10:28:13 - [TEST_STEP][PASSED] - click: Object: 'Object Repository/SignIn/username' is clicked on

2018-03-27 10:28:13 - [MESSAGE][PASSED] - Object: 'Object Repository/SignIn/username' is clicked on

2018-03-27 10:28:13 - [TEST_STEP][PASSED] - setText: Text 'admin' is set on object 'Object Repository/SignIn/username'

2018-03-27 10:28:13 - [MESSAGE][PASSED] - Text 'admin' is set on object 'Object Repository/SignIn/username'

2018-03-27 10:28:13 - [TEST_STEP][PASSED] - Statement - password = com.kms.katalon.core.testobject.ObjectRepository.findTestObject(SignIn/password): Finding Test Object with id 'Object Repository/SignIn/password'

2018-03-27 10:28:13 - [TEST_STEP][PASSED] - click: Object: 'Object Repository/SignIn/password' is clicked on

2018-03-27 10:28:13 - [MESSAGE][PASSED] - Object: 'Object Repository/SignIn/password' is clicked on

2018-03-27 10:28:13 - [TEST_STEP][PASSED] - setText: Text 'admin123' is set on object 'Object Repository/SignIn/password'

2018-03-27 10:28:14 - [MESSAGE][PASSED] - Text 'admin123' is set on object 'Object Repository/SignIn/password'

2018-03-27 10:28:14 - [TEST_STEP][PASSED] - click: Object: 'Object Repository/SignIn/login' is clicked on

2018-03-27 10:28:14 - [MESSAGE][PASSED] - Object: 'Object Repository/SignIn/login' is clicked on]]></system-out>
         <system-err><![CDATA[]]></system-err>
      </testcase>
      <testcase name="Test Cases/Add new manuscript/Add a new manuscript" classname="Test Cases/Add new manuscript/Add a new manuscript" status="PASSED">
         <system-out><![CDATA[2018-03-27 10:28:14 - [TEST_CASE][PASSED] - Test Cases/Add new manuscript/Add a new manuscript: Test Cases/Add new manuscript/Add a new manuscript

2018-03-27 10:28:14 - [TEST_STEP][PASSED] - openBrowser: Browser is opened with url: 'null'

2018-03-27 10:28:14 - [MESSAGE][WARNING] - A browser is already opened. Closing browser and opening a new one

2018-03-27 10:28:15 - [MESSAGE][PASSED] - Browser is opened with url: 'null'

2018-03-27 10:28:15 - [TEST_STEP][PASSED] - navigateToUrl: Navigate to 'https://xpub-faraday.now.sh' successfully

2018-03-27 10:28:20 - [MESSAGE][PASSED] - Navigate to 'https://xpub-faraday.now.sh' successfully

2018-03-27 10:28:20 - [TEST_STEP][PASSED] - Statement - username = com.kms.katalon.core.testobject.ObjectRepository.findTestObject(SignIn/username): Finding Test Object with id 'Object Repository/SignIn/username'

2018-03-27 10:28:20 - [TEST_STEP][PASSED] - click: Object: 'Object Repository/SignIn/username' is clicked on

2018-03-27 10:28:20 - [MESSAGE][PASSED] - Object: 'Object Repository/SignIn/username' is clicked on

2018-03-27 10:28:20 - [TEST_STEP][PASSED] - setText: Text 'admin' is set on object 'Object Repository/SignIn/username'

2018-03-27 10:28:20 - [MESSAGE][PASSED] - Text 'admin' is set on object 'Object Repository/SignIn/username'

2018-03-27 10:28:20 - [TEST_STEP][PASSED] - Statement - password = com.kms.katalon.core.testobject.ObjectRepository.findTestObject(SignIn/password): Finding Test Object with id 'Object Repository/SignIn/password'

2018-03-27 10:28:20 - [TEST_STEP][PASSED] - click: Object: 'Object Repository/SignIn/password' is clicked on

2018-03-27 10:28:20 - [MESSAGE][PASSED] - Object: 'Object Repository/SignIn/password' is clicked on

2018-03-27 10:28:20 - [TEST_STEP][PASSED] - setText: Text 'admin123' is set on object 'Object Repository/SignIn/password'

2018-03-27 10:28:20 - [MESSAGE][PASSED] - Text 'admin123' is set on object 'Object Repository/SignIn/password'

2018-03-27 10:28:20 - [TEST_STEP][PASSED] - Statement - loginButton = com.kms.katalon.core.testobject.ObjectRepository.findTestObject(SignIn/login): Finding Test Object with id 'Object Repository/SignIn/login'

2018-03-27 10:28:20 - [TEST_STEP][PASSED] - click: Object: 'Object Repository/SignIn/login' is clicked on

2018-03-27 10:28:21 - [MESSAGE][PASSED] - Object: 'Object Repository/SignIn/login' is clicked on

2018-03-27 10:28:21 - [TEST_STEP][PASSED] - Statement - New = com.kms.katalon.core.testobject.ObjectRepository.findTestObject(NewManuscript/journalfFieldSelection/New): Finding Test Object with id 'Object Repository/NewManuscript/journalfFieldSelection/New'

2018-03-27 10:28:21 - [TEST_STEP][PASSED] - click: Object: 'Object Repository/NewManuscript/journalfFieldSelection/New' is clicked on

2018-03-27 10:28:24 - [MESSAGE][PASSED] - Object: 'Object Repository/NewManuscript/journalfFieldSelection/New' is clicked on

2018-03-27 10:28:24 - [TEST_STEP][PASSED] - Statement - journal = com.kms.katalon.core.testobject.ObjectRepository.findTestObject(NewManuscript/journalfFieldSelection/Journal): Finding Test Object with id 'Object Repository/NewManuscript/journalfFieldSelection/Journal'

2018-03-27 10:28:24 - [TEST_STEP][PASSED] - click: Object: 'Object Repository/NewManuscript/journalfFieldSelection/Journal' is clicked on

2018-03-27 10:28:26 - [MESSAGE][PASSED] - Object: 'Object Repository/NewManuscript/journalfFieldSelection/Journal' is clicked on

2018-03-27 10:28:26 - [TEST_STEP][PASSED] - Statement - hindawiFaraday = com.kms.katalon.core.testobject.ObjectRepository.findTestObject(NewManuscript/journalfFieldSelection/HindawiFaraday): Finding Test Object with id 'Object Repository/NewManuscript/journalfFieldSelection/HindawiFaraday'

2018-03-27 10:28:26 - [TEST_STEP][PASSED] - click: Object: 'Object Repository/NewManuscript/journalfFieldSelection/HindawiFaraday' is clicked on

2018-03-27 10:28:27 - [MESSAGE][PASSED] - Object: 'Object Repository/NewManuscript/journalfFieldSelection/HindawiFaraday' is clicked on

2018-03-27 10:28:27 - [TEST_STEP][PASSED] - Statement - issue = com.kms.katalon.core.testobject.ObjectRepository.findTestObject(NewManuscript/journalfFieldSelection/Issue): Finding Test Object with id 'Object Repository/NewManuscript/journalfFieldSelection/Issue'

2018-03-27 10:28:27 - [TEST_STEP][PASSED] - click: Object: 'Object Repository/NewManuscript/journalfFieldSelection/Issue' is clicked on

2018-03-27 10:28:27 - [MESSAGE][PASSED] - Object: 'Object Repository/NewManuscript/journalfFieldSelection/Issue' is clicked on

2018-03-27 10:28:27 - [TEST_STEP][PASSED] - Statement - regularIssues = com.kms.katalon.core.testobject.ObjectRepository.findTestObject(NewManuscript/journalfFieldSelection/RegularIssues): Finding Test Object with id 'Object Repository/NewManuscript/journalfFieldSelection/RegularIssues'

2018-03-27 10:28:27 - [TEST_STEP][PASSED] - click: Object: 'Object Repository/NewManuscript/journalfFieldSelection/RegularIssues' is clicked on

2018-03-27 10:28:27 - [MESSAGE][PASSED] - Object: 'Object Repository/NewManuscript/journalfFieldSelection/RegularIssues' is clicked on

2018-03-27 10:28:27 - [TEST_STEP][PASSED] - Statement - nextButton = com.kms.katalon.core.testobject.ObjectRepository.findTestObject(NewManuscript/journalfFieldSelection/Next): Finding Test Object with id 'Object Repository/NewManuscript/journalfFieldSelection/Next'

2018-03-27 10:28:27 - [TEST_STEP][PASSED] - click: Object: 'Object Repository/NewManuscript/journalfFieldSelection/Next' is clicked on

2018-03-27 10:28:27 - [MESSAGE][PASSED] - Object: 'Object Repository/NewManuscript/journalfFieldSelection/Next' is clicked on

2018-03-27 10:28:27 - [TEST_STEP][PASSED] - Statement - hasEmail = com.kms.katalon.core.testobject.ObjectRepository.findTestObject(NewManuscript/preSubmissionChecklist/hasEmail): Finding Test Object with id 'Object Repository/NewManuscript/preSubmissionChecklist/hasEmail'

2018-03-27 10:28:27 - [TEST_STEP][PASSED] - check: Object 'Object Repository/NewManuscript/preSubmissionChecklist/hasEmail' is checked

2018-03-27 10:28:27 - [MESSAGE][PASSED] - Object 'Object Repository/NewManuscript/preSubmissionChecklist/hasEmail' is checked

2018-03-27 10:28:27 - [TEST_STEP][PASSED] - Statement - hasManuscript = com.kms.katalon.core.testobject.ObjectRepository.findTestObject(NewManuscript/preSubmissionChecklist/hasManuscript): Finding Test Object with id 'Object Repository/NewManuscript/preSubmissionChecklist/hasManuscript'

2018-03-27 10:28:27 - [TEST_STEP][PASSED] - check: Object 'Object Repository/NewManuscript/preSubmissionChecklist/hasManuscript' is checked

2018-03-27 10:28:27 - [MESSAGE][PASSED] - Object 'Object Repository/NewManuscript/preSubmissionChecklist/hasManuscript' is checked

2018-03-27 10:28:27 - [TEST_STEP][PASSED] - Statement - hasEfiles = com.kms.katalon.core.testobject.ObjectRepository.findTestObject(NewManuscript/preSubmissionChecklist/hasEfiles): Finding Test Object with id 'Object Repository/NewManuscript/preSubmissionChecklist/hasEfiles'

2018-03-27 10:28:27 - [TEST_STEP][PASSED] - check: Object 'Object Repository/NewManuscript/preSubmissionChecklist/hasEfiles' is checked

2018-03-27 10:28:27 - [MESSAGE][PASSED] - Object 'Object Repository/NewManuscript/preSubmissionChecklist/hasEfiles' is checked

2018-03-27 10:28:27 - [TEST_STEP][PASSED] - Statement - awareAndAccept = com.kms.katalon.core.testobject.ObjectRepository.findTestObject(NewManuscript/preSubmissionChecklist/awareAndAccept): Finding Test Object with id 'Object Repository/NewManuscript/preSubmissionChecklist/awareAndAccept'

2018-03-27 10:28:27 - [TEST_STEP][PASSED] - check: Object 'Object Repository/NewManuscript/preSubmissionChecklist/awareAndAccept' is checked

2018-03-27 10:28:28 - [MESSAGE][PASSED] - Object 'Object Repository/NewManuscript/preSubmissionChecklist/awareAndAccept' is checked

2018-03-27 10:28:28 - [TEST_STEP][PASSED] - Statement - hasOrcid = com.kms.katalon.core.testobject.ObjectRepository.findTestObject(NewManuscript/preSubmissionChecklist/hasOrcid): Finding Test Object with id 'Object Repository/NewManuscript/preSubmissionChecklist/hasOrcid'

2018-03-27 10:28:28 - [TEST_STEP][PASSED] - check: Object 'Object Repository/NewManuscript/preSubmissionChecklist/hasOrcid' is checked

2018-03-27 10:28:28 - [MESSAGE][PASSED] - Object 'Object Repository/NewManuscript/preSubmissionChecklist/hasOrcid' is checked

2018-03-27 10:28:28 - [TEST_STEP][PASSED] - Statement - submissionInstitutional = com.kms.katalon.core.testobject.ObjectRepository.findTestObject(NewManuscript/preSubmissionChecklist/submissionInstitutional): Finding Test Object with id 'Object Repository/NewManuscript/preSubmissionChecklist/submissionInstitutional'

2018-03-27 10:28:28 - [TEST_STEP][PASSED] - check: Object 'Object Repository/NewManuscript/preSubmissionChecklist/submissionInstitutional' is checked

2018-03-27 10:28:28 - [MESSAGE][PASSED] - Object 'Object Repository/NewManuscript/preSubmissionChecklist/submissionInstitutional' is checked

2018-03-27 10:28:28 - [TEST_STEP][PASSED] - Statement - Next = com.kms.katalon.core.testobject.ObjectRepository.findTestObject(NewManuscript/preSubmissionChecklist/Next): Finding Test Object with id 'Object Repository/NewManuscript/preSubmissionChecklist/Next'

2018-03-27 10:28:28 - [TEST_STEP][PASSED] - click: Object: 'Object Repository/NewManuscript/preSubmissionChecklist/Next' is clicked on

2018-03-27 10:28:28 - [MESSAGE][PASSED] - Object: 'Object Repository/NewManuscript/preSubmissionChecklist/Next' is clicked on

2018-03-27 10:28:28 - [TEST_STEP][PASSED] - Statement - manuscriptTitle = com.kms.katalon.core.testobject.ObjectRepository.findTestObject(NewManuscript/manuscriptAuthorsDetails/manuscriptTitle): Finding Test Object with id 'Object Repository/NewManuscript/manuscriptAuthorsDetails/manuscriptTitle'

2018-03-27 10:28:28 - [TEST_STEP][PASSED] - click: Object: 'Object Repository/NewManuscript/manuscriptAuthorsDetails/manuscriptTitle' is clicked on

2018-03-27 10:28:28 - [MESSAGE][PASSED] - Object: 'Object Repository/NewManuscript/manuscriptAuthorsDetails/manuscriptTitle' is clicked on

2018-03-27 10:28:28 - [TEST_STEP][PASSED] - sendKeys: Keys 'A new random title' sent to object: 'Object Repository/NewManuscript/manuscriptAuthorsDetails/manuscriptTitle'

2018-03-27 10:28:29 - [MESSAGE][PASSED] - Keys 'A new random title' sent to object: 'Object Repository/NewManuscript/manuscriptAuthorsDetails/manuscriptTitle'

2018-03-27 10:28:29 - [TEST_STEP][PASSED] - Statement - manuscriptType = com.kms.katalon.core.testobject.ObjectRepository.findTestObject(NewManuscript/manuscriptAuthorsDetails/manuscriptType): Finding Test Object with id 'Object Repository/NewManuscript/manuscriptAuthorsDetails/manuscriptType'

2018-03-27 10:28:29 - [TEST_STEP][PASSED] - click: Object: 'Object Repository/NewManuscript/manuscriptAuthorsDetails/manuscriptType' is clicked on

2018-03-27 10:28:29 - [MESSAGE][PASSED] - Object: 'Object Repository/NewManuscript/manuscriptAuthorsDetails/manuscriptType' is clicked on

2018-03-27 10:28:29 - [TEST_STEP][PASSED] - Statement - research = com.kms.katalon.core.testobject.ObjectRepository.findTestObject(NewManuscript/manuscriptAuthorsDetails/Research): Finding Test Object with id 'Object Repository/NewManuscript/manuscriptAuthorsDetails/Research'

2018-03-27 10:28:29 - [TEST_STEP][PASSED] - click: Object: 'Object Repository/NewManuscript/manuscriptAuthorsDetails/Research' is clicked on

2018-03-27 10:28:29 - [MESSAGE][PASSED] - Object: 'Object Repository/NewManuscript/manuscriptAuthorsDetails/Research' is clicked on

2018-03-27 10:28:29 - [TEST_STEP][PASSED] - Statement - abstractField = com.kms.katalon.core.testobject.ObjectRepository.findTestObject(NewManuscript/manuscriptAuthorsDetails/abstractField): Finding Test Object with id 'Object Repository/NewManuscript/manuscriptAuthorsDetails/abstractField'

2018-03-27 10:28:29 - [TEST_STEP][PASSED] - click: Object: 'Object Repository/NewManuscript/manuscriptAuthorsDetails/abstractField' is clicked on

2018-03-27 10:28:29 - [MESSAGE][PASSED] - Object: 'Object Repository/NewManuscript/manuscriptAuthorsDetails/abstractField' is clicked on

2018-03-27 10:28:29 - [TEST_STEP][PASSED] - sendKeys: Keys 'A new random abstract text' sent to object: 'Object Repository/NewManuscript/manuscriptAuthorsDetails/abstractField'

2018-03-27 10:28:29 - [MESSAGE][PASSED] - Keys 'A new random abstract text' sent to object: 'Object Repository/NewManuscript/manuscriptAuthorsDetails/abstractField'

2018-03-27 10:28:29 - [TEST_STEP][PASSED] - Statement - addAuthor = com.kms.katalon.core.testobject.ObjectRepository.findTestObject(NewManuscript/manuscriptAuthorsDetails/addAuthor): Finding Test Object with id 'Object Repository/NewManuscript/manuscriptAuthorsDetails/addAuthor'

2018-03-27 10:28:29 - [TEST_STEP][PASSED] - click: Object: 'Object Repository/NewManuscript/manuscriptAuthorsDetails/addAuthor' is clicked on

2018-03-27 10:28:30 - [MESSAGE][PASSED] - Object: 'Object Repository/NewManuscript/manuscriptAuthorsDetails/addAuthor' is clicked on

2018-03-27 10:28:30 - [TEST_STEP][PASSED] - Statement - firstName = com.kms.katalon.core.testobject.ObjectRepository.findTestObject(NewManuscript/manuscriptAuthorsDetails/firstName): Finding Test Object with id 'Object Repository/NewManuscript/manuscriptAuthorsDetails/firstName'

2018-03-27 10:28:30 - [TEST_STEP][PASSED] - setText: Text 'Vlad' is set on object 'Object Repository/NewManuscript/manuscriptAuthorsDetails/firstName'

2018-03-27 10:28:30 - [MESSAGE][PASSED] - Text 'Vlad' is set on object 'Object Repository/NewManuscript/manuscriptAuthorsDetails/firstName'

2018-03-27 10:28:30 - [TEST_STEP][PASSED] - Statement - lastName = com.kms.katalon.core.testobject.ObjectRepository.findTestObject(NewManuscript/manuscriptAuthorsDetails/lastName): Finding Test Object with id 'Object Repository/NewManuscript/manuscriptAuthorsDetails/lastName'

2018-03-27 10:28:30 - [TEST_STEP][PASSED] - setText: Text 'Stegaru' is set on object 'Object Repository/NewManuscript/manuscriptAuthorsDetails/lastName'

2018-03-27 10:28:30 - [MESSAGE][PASSED] - Text 'Stegaru' is set on object 'Object Repository/NewManuscript/manuscriptAuthorsDetails/lastName'

2018-03-27 10:28:30 - [TEST_STEP][PASSED] - Statement - email = com.kms.katalon.core.testobject.ObjectRepository.findTestObject(NewManuscript/manuscriptAuthorsDetails/email): Finding Test Object with id 'Object Repository/NewManuscript/manuscriptAuthorsDetails/email'

2018-03-27 10:28:30 - [TEST_STEP][PASSED] - setText: Text 'vlad.stegaru+newuser1@thinslices.com' is set on object 'Object Repository/NewManuscript/manuscriptAuthorsDetails/email'

2018-03-27 10:28:31 - [MESSAGE][PASSED] - Text 'vlad.stegaru+newuser1@thinslices.com' is set on object 'Object Repository/NewManuscript/manuscriptAuthorsDetails/email'

2018-03-27 10:28:31 - [TEST_STEP][PASSED] - Statement - affiliation = com.kms.katalon.core.testobject.ObjectRepository.findTestObject(NewManuscript/manuscriptAuthorsDetails/affiliation): Finding Test Object with id 'Object Repository/NewManuscript/manuscriptAuthorsDetails/affiliation'

2018-03-27 10:28:31 - [TEST_STEP][PASSED] - setText: Text 'University' is set on object 'Object Repository/NewManuscript/manuscriptAuthorsDetails/affiliation'

2018-03-27 10:28:31 - [MESSAGE][PASSED] - Text 'University' is set on object 'Object Repository/NewManuscript/manuscriptAuthorsDetails/affiliation'

2018-03-27 10:28:31 - [TEST_STEP][PASSED] - Statement - country = com.kms.katalon.core.testobject.ObjectRepository.findTestObject(NewManuscript/manuscriptAuthorsDetails/country): Finding Test Object with id 'Object Repository/NewManuscript/manuscriptAuthorsDetails/country'

2018-03-27 10:28:31 - [TEST_STEP][PASSED] - click: Object: 'Object Repository/NewManuscript/manuscriptAuthorsDetails/country' is clicked on

2018-03-27 10:28:32 - [MESSAGE][PASSED] - Object: 'Object Repository/NewManuscript/manuscriptAuthorsDetails/country' is clicked on

2018-03-27 10:28:32 - [TEST_STEP][PASSED] - Statement - countryOption = com.kms.katalon.core.testobject.ObjectRepository.findTestObject(NewManuscript/manuscriptAuthorsDetails/countryOption): Finding Test Object with id 'Object Repository/NewManuscript/manuscriptAuthorsDetails/countryOption'

2018-03-27 10:28:32 - [TEST_STEP][PASSED] - click: Object: 'Object Repository/NewManuscript/manuscriptAuthorsDetails/countryOption' is clicked on

2018-03-27 10:28:32 - [MESSAGE][PASSED] - Object: 'Object Repository/NewManuscript/manuscriptAuthorsDetails/countryOption' is clicked on

2018-03-27 10:28:32 - [TEST_STEP][PASSED] - Statement - SaveButton = com.kms.katalon.core.testobject.ObjectRepository.findTestObject(NewManuscript/manuscriptAuthorsDetails/Save): Finding Test Object with id 'Object Repository/NewManuscript/manuscriptAuthorsDetails/Save'

2018-03-27 10:28:32 - [TEST_STEP][PASSED] - click: Object: 'Object Repository/NewManuscript/manuscriptAuthorsDetails/Save' is clicked on

2018-03-27 10:28:32 - [MESSAGE][PASSED] - Object: 'Object Repository/NewManuscript/manuscriptAuthorsDetails/Save' is clicked on

2018-03-27 10:28:32 - [TEST_STEP][PASSED] - Statement - submittingAuthor = com.kms.katalon.core.testobject.ObjectRepository.findTestObject(NewManuscript/manuscriptAuthorsDetails/submittingAuthor): Finding Test Object with id 'Object Repository/NewManuscript/manuscriptAuthorsDetails/submittingAuthor'

2018-03-27 10:28:32 - [TEST_STEP][PASSED] - waitForElementPresent: Object 'Object Repository/NewManuscript/manuscriptAuthorsDetails/submittingAuthor' is present

2018-03-27 10:28:33 - [MESSAGE][PASSED] - Object 'Object Repository/NewManuscript/manuscriptAuthorsDetails/submittingAuthor' is present

2018-03-27 10:28:33 - [TEST_STEP][PASSED] - Statement - noButton = com.kms.katalon.core.testobject.ObjectRepository.findTestObject(NewManuscript/manuscriptAuthorsDetails/no): Finding Test Object with id 'Object Repository/NewManuscript/manuscriptAuthorsDetails/no'

2018-03-27 10:28:33 - [TEST_STEP][PASSED] - click: Object: 'Object Repository/NewManuscript/manuscriptAuthorsDetails/no' is clicked on

2018-03-27 10:28:33 - [MESSAGE][PASSED] - Object: 'Object Repository/NewManuscript/manuscriptAuthorsDetails/no' is clicked on

2018-03-27 10:28:33 - [TEST_STEP][PASSED] - Statement - NextButton = com.kms.katalon.core.testobject.ObjectRepository.findTestObject(NewManuscript/manuscriptAuthorsDetails/Next): Finding Test Object with id 'Object Repository/NewManuscript/manuscriptAuthorsDetails/Next'

2018-03-27 10:28:33 - [TEST_STEP][PASSED] - click: Object: 'Object Repository/NewManuscript/manuscriptAuthorsDetails/Next' is clicked on

2018-03-27 10:28:33 - [MESSAGE][PASSED] - Object: 'Object Repository/NewManuscript/manuscriptAuthorsDetails/Next' is clicked on

2018-03-27 10:28:33 - [TEST_STEP][PASSED] - Statement - attachFile = com.kms.katalon.core.testobject.ObjectRepository.findTestObject(NewManuscript/manuscriptFilesUpload/attachManuscript): Finding Test Object with id 'Object Repository/NewManuscript/manuscriptFilesUpload/attachManuscript'

2018-03-27 10:28:33 - [TEST_STEP][PASSED] - Statement - submitManuscript = com.kms.katalon.core.testobject.ObjectRepository.findTestObject(NewManuscript/manuscriptFilesUpload/submitManuscript): Finding Test Object with id 'Object Repository/NewManuscript/manuscriptFilesUpload/submitManuscript'

2018-03-27 10:28:33 - [TEST_STEP][PASSED] - click: Object: 'Object Repository/NewManuscript/manuscriptFilesUpload/submitManuscript' is clicked on

2018-03-27 10:28:33 - [MESSAGE][PASSED] - Object: 'Object Repository/NewManuscript/manuscriptFilesUpload/submitManuscript' is clicked on

2018-03-27 10:28:33 - [TEST_STEP][PASSED] - Statement - goToDashboard = com.kms.katalon.core.testobject.ObjectRepository.findTestObject(Resume/goToDashboard): Finding Test Object with id 'Object Repository/Resume/goToDashboard'

2018-03-27 10:28:33 - [TEST_STEP][PASSED] - click: Object: 'Object Repository/Resume/goToDashboard' is clicked on

2018-03-27 10:28:34 - [MESSAGE][PASSED] - Object: 'Object Repository/Resume/goToDashboard' is clicked on

2018-03-27 10:28:34 - [TEST_STEP][PASSED] - closeBrowser: Browser is closed

2018-03-27 10:28:34 - [MESSAGE][PASSED] - Browser is closed]]></system-out>
         <system-err><![CDATA[]]></system-err>
      </testcase>
      <testcase name="Test Cases/Resume Manuscript/Resume submission Redirect" classname="Test Cases/Resume Manuscript/Resume submission Redirect" status="PASSED">
         <system-out><![CDATA[2018-03-27 10:28:34 - [TEST_CASE][PASSED] - Test Cases/Resume Manuscript/Resume submission Redirect: Test Cases/Resume Manuscript/Resume submission Redirect

2018-03-27 10:28:34 - [TEST_STEP][PASSED] - openBrowser: Browser is opened with url: 'null'

2018-03-27 10:28:35 - [MESSAGE][PASSED] - Browser is opened with url: 'null'

2018-03-27 10:28:35 - [TEST_STEP][PASSED] - navigateToUrl: Navigate to 'https://xpub-faraday.now.sh' successfully

2018-03-27 10:28:41 - [MESSAGE][PASSED] - Navigate to 'https://xpub-faraday.now.sh' successfully

2018-03-27 10:28:41 - [TEST_STEP][PASSED] - Statement - username = com.kms.katalon.core.testobject.ObjectRepository.findTestObject(SignIn/username): Finding Test Object with id 'Object Repository/SignIn/username'

2018-03-27 10:28:41 - [TEST_STEP][PASSED] - click: Object: 'Object Repository/SignIn/username' is clicked on

2018-03-27 10:28:41 - [MESSAGE][PASSED] - Object: 'Object Repository/SignIn/username' is clicked on

2018-03-27 10:28:41 - [TEST_STEP][PASSED] - setText: Text 'admin' is set on object 'Object Repository/SignIn/username'

2018-03-27 10:28:42 - [MESSAGE][PASSED] - Text 'admin' is set on object 'Object Repository/SignIn/username'

2018-03-27 10:28:42 - [TEST_STEP][PASSED] - Statement - password = com.kms.katalon.core.testobject.ObjectRepository.findTestObject(SignIn/password): Finding Test Object with id 'Object Repository/SignIn/password'

2018-03-27 10:28:42 - [TEST_STEP][PASSED] - click: Object: 'Object Repository/SignIn/password' is clicked on

2018-03-27 10:28:42 - [MESSAGE][PASSED] - Object: 'Object Repository/SignIn/password' is clicked on

2018-03-27 10:28:42 - [TEST_STEP][PASSED] - setText: Text 'admin123' is set on object 'Object Repository/SignIn/password'

2018-03-27 10:28:42 - [MESSAGE][PASSED] - Text 'admin123' is set on object 'Object Repository/SignIn/password'

2018-03-27 10:28:42 - [TEST_STEP][PASSED] - Statement - loginButton = com.kms.katalon.core.testobject.ObjectRepository.findTestObject(SignIn/login): Finding Test Object with id 'Object Repository/SignIn/login'

2018-03-27 10:28:42 - [TEST_STEP][PASSED] - click: Object: 'Object Repository/SignIn/login' is clicked on

2018-03-27 10:28:42 - [MESSAGE][PASSED] - Object: 'Object Repository/SignIn/login' is clicked on

2018-03-27 10:28:42 - [TEST_STEP][PASSED] - Statement - resumeSubmission = com.kms.katalon.core.testobject.ObjectRepository.findTestObject(Resume/resumeSubmission): Finding Test Object with id 'Object Repository/Resume/resumeSubmission'

2018-03-27 10:28:42 - [TEST_STEP][PASSED] - click: Object: 'Object Repository/Resume/resumeSubmission' is clicked on

2018-03-27 10:28:46 - [MESSAGE][PASSED] - Object: 'Object Repository/Resume/resumeSubmission' is clicked on

2018-03-27 10:28:46 - [TEST_STEP][PASSED] - Statement - cancel = com.kms.katalon.core.testobject.ObjectRepository.findTestObject(NewManuscript/journalAndFieldSelection/Cancel): Finding Test Object with id 'Object Repository/NewManuscript/journalAndFieldSelection/Cancel'

2018-03-27 10:28:46 - [TEST_STEP][PASSED] - waitForElementVisible: Object 'Object Repository/NewManuscript/journalAndFieldSelection/Cancel' is visible

2018-03-27 10:28:47 - [MESSAGE][PASSED] - Object 'Object Repository/NewManuscript/journalAndFieldSelection/Cancel' is visible

2018-03-27 10:28:47 - [TEST_STEP][PASSED] - click: Object: 'Object Repository/NewManuscript/journalAndFieldSelection/Cancel' is clicked on

2018-03-27 10:28:47 - [MESSAGE][PASSED] - Object: 'Object Repository/NewManuscript/journalAndFieldSelection/Cancel' is clicked on]]></system-out>
         <system-err><![CDATA[]]></system-err>
      </testcase>
      <system-out><![CDATA[2018-03-27 10:28:04 - [TEST_SUITE][PASSED] - LoginNewManuscriptResume: Test Cases/Resume Manuscript/Resume submission Redirect]]></system-out>
      <system-err><![CDATA[]]></system-err>
   </testsuite>
</testsuites>
