<?xml version="1.0" encoding="UTF-8"?>
<testsuites name="LoginNewUserEdit" time="43" tests="3" failures="0" errors="0">
   <testsuite name="LoginNewUserEdit" tests="3" failures="0" errors="0" time="43" timestamp="2018-03-27 10:31:16" hostname="vladstegaru - vlads-mbp.thinslices.com" id="Test Suites/LoginNewUserEdit">
      <properties>
         <property name="deviceName" value=""/>
         <property name="devicePlatform" value=""/>
         <property name="logFolder" value="/Users/vladstegaru/Documents/Hindawi/xpub-faraday/automation/Reports/LoginNewUserEdit/20180327_103114"/>
         <property name="logFiles" value="/Users/vladstegaru/Documents/Hindawi/xpub-faraday/automation/Reports/LoginNewUserEdit/20180327_103114/execution0.log"/>
         <property name="attachments" value=""/>
         <property name="hostName" value="vladstegaru - vlads-mbp.thinslices.com"/>
         <property name="os" value="Mac OS X 64bit"/>
         <property name="katalonVersion" value="5.3.1.1"/>
         <property name="browser" value="Chrome 65.0.3325.181"/>
         <property name="hostAddress" value="192.168.1.115"/>
         <property name="sessionId" value="4af21595c5ded251785ad46d35cee5c4"/>
         <property name="seleniumVersion" value="3.7.1"/>
         <property name="proxyInformation" value="ProxyInformation{proxyOption=NO_PROXY, proxyServerType=HTTP, password=, proxyServerAddress=, proxyServerPort=0}"/>
         <property name="platform" value="Mac OS X"/>
      </properties>
      <testcase name="Test Cases/Sign In/Sign In flow" classname="Test Cases/Sign In/Sign In flow" status="PASSED">
         <system-out><![CDATA[2018-03-27 10:31:17 - [TEST_CASE][PASSED] - Test Cases/Sign In/Sign In flow: Test Cases/Sign In/Sign In flow

2018-03-27 10:31:17 - [TEST_STEP][PASSED] - openBrowser: Browser is opened with url: 'null'

2018-03-27 10:31:20 - [MESSAGE][PASSED] - Browser is opened with url: 'null'

2018-03-27 10:31:20 - [TEST_STEP][PASSED] - navigateToUrl: Navigate to 'https://xpub-faraday.now.sh/' successfully

2018-03-27 10:31:25 - [MESSAGE][PASSED] - Navigate to 'https://xpub-faraday.now.sh/' successfully

2018-03-27 10:31:25 - [TEST_STEP][PASSED] - Statement - username = com.kms.katalon.core.testobject.ObjectRepository.findTestObject(SignIn/username): Finding Test Object with id 'Object Repository/SignIn/username'

2018-03-27 10:31:25 - [TEST_STEP][PASSED] - click: Object: 'Object Repository/SignIn/username' is clicked on

2018-03-27 10:31:25 - [MESSAGE][PASSED] - Object: 'Object Repository/SignIn/username' is clicked on

2018-03-27 10:31:25 - [TEST_STEP][PASSED] - setText: Text 'admin' is set on object 'Object Repository/SignIn/username'

2018-03-27 10:31:26 - [MESSAGE][PASSED] - Text 'admin' is set on object 'Object Repository/SignIn/username'

2018-03-27 10:31:26 - [TEST_STEP][PASSED] - Statement - password = com.kms.katalon.core.testobject.ObjectRepository.findTestObject(SignIn/password): Finding Test Object with id 'Object Repository/SignIn/password'

2018-03-27 10:31:26 - [TEST_STEP][PASSED] - click: Object: 'Object Repository/SignIn/password' is clicked on

2018-03-27 10:31:26 - [MESSAGE][PASSED] - Object: 'Object Repository/SignIn/password' is clicked on

2018-03-27 10:31:26 - [TEST_STEP][PASSED] - setText: Text 'admin123' is set on object 'Object Repository/SignIn/password'

2018-03-27 10:31:26 - [MESSAGE][PASSED] - Text 'admin123' is set on object 'Object Repository/SignIn/password'

2018-03-27 10:31:26 - [TEST_STEP][PASSED] - click: Object: 'Object Repository/SignIn/login' is clicked on

2018-03-27 10:31:26 - [MESSAGE][PASSED] - Object: 'Object Repository/SignIn/login' is clicked on]]></system-out>
         <system-err><![CDATA[]]></system-err>
      </testcase>
      <testcase name="Test Cases/Add new manuscript/Add a new manuscript" classname="Test Cases/Add new manuscript/Add a new manuscript" status="PASSED">
         <system-out><![CDATA[2018-03-27 10:31:26 - [TEST_CASE][PASSED] - Test Cases/Add new manuscript/Add a new manuscript: Test Cases/Add new manuscript/Add a new manuscript

2018-03-27 10:31:26 - [TEST_STEP][PASSED] - openBrowser: Browser is opened with url: 'null'

2018-03-27 10:31:26 - [MESSAGE][WARNING] - A browser is already opened. Closing browser and opening a new one

2018-03-27 10:31:27 - [MESSAGE][PASSED] - Browser is opened with url: 'null'

2018-03-27 10:31:27 - [TEST_STEP][PASSED] - navigateToUrl: Navigate to 'https://xpub-faraday.now.sh' successfully

2018-03-27 10:31:33 - [MESSAGE][PASSED] - Navigate to 'https://xpub-faraday.now.sh' successfully

2018-03-27 10:31:33 - [TEST_STEP][PASSED] - Statement - username = com.kms.katalon.core.testobject.ObjectRepository.findTestObject(SignIn/username): Finding Test Object with id 'Object Repository/SignIn/username'

2018-03-27 10:31:33 - [TEST_STEP][PASSED] - click: Object: 'Object Repository/SignIn/username' is clicked on

2018-03-27 10:31:33 - [MESSAGE][PASSED] - Object: 'Object Repository/SignIn/username' is clicked on

2018-03-27 10:31:33 - [TEST_STEP][PASSED] - setText: Text 'admin' is set on object 'Object Repository/SignIn/username'

2018-03-27 10:31:33 - [MESSAGE][PASSED] - Text 'admin' is set on object 'Object Repository/SignIn/username'

2018-03-27 10:31:33 - [TEST_STEP][PASSED] - Statement - password = com.kms.katalon.core.testobject.ObjectRepository.findTestObject(SignIn/password): Finding Test Object with id 'Object Repository/SignIn/password'

2018-03-27 10:31:33 - [TEST_STEP][PASSED] - click: Object: 'Object Repository/SignIn/password' is clicked on

2018-03-27 10:31:33 - [MESSAGE][PASSED] - Object: 'Object Repository/SignIn/password' is clicked on

2018-03-27 10:31:33 - [TEST_STEP][PASSED] - setText: Text 'admin123' is set on object 'Object Repository/SignIn/password'

2018-03-27 10:31:33 - [MESSAGE][PASSED] - Text 'admin123' is set on object 'Object Repository/SignIn/password'

2018-03-27 10:31:33 - [TEST_STEP][PASSED] - Statement - loginButton = com.kms.katalon.core.testobject.ObjectRepository.findTestObject(SignIn/login): Finding Test Object with id 'Object Repository/SignIn/login'

2018-03-27 10:31:33 - [TEST_STEP][PASSED] - click: Object: 'Object Repository/SignIn/login' is clicked on

2018-03-27 10:31:33 - [MESSAGE][PASSED] - Object: 'Object Repository/SignIn/login' is clicked on

2018-03-27 10:31:33 - [TEST_STEP][PASSED] - Statement - New = com.kms.katalon.core.testobject.ObjectRepository.findTestObject(NewManuscript/journalfFieldSelection/New): Finding Test Object with id 'Object Repository/NewManuscript/journalfFieldSelection/New'

2018-03-27 10:31:33 - [TEST_STEP][PASSED] - click: Object: 'Object Repository/NewManuscript/journalfFieldSelection/New' is clicked on

2018-03-27 10:31:37 - [MESSAGE][PASSED] - Object: 'Object Repository/NewManuscript/journalfFieldSelection/New' is clicked on

2018-03-27 10:31:37 - [TEST_STEP][PASSED] - Statement - journal = com.kms.katalon.core.testobject.ObjectRepository.findTestObject(NewManuscript/journalfFieldSelection/Journal): Finding Test Object with id 'Object Repository/NewManuscript/journalfFieldSelection/Journal'

2018-03-27 10:31:37 - [TEST_STEP][PASSED] - click: Object: 'Object Repository/NewManuscript/journalfFieldSelection/Journal' is clicked on

2018-03-27 10:31:39 - [MESSAGE][PASSED] - Object: 'Object Repository/NewManuscript/journalfFieldSelection/Journal' is clicked on

2018-03-27 10:31:39 - [TEST_STEP][PASSED] - Statement - hindawiFaraday = com.kms.katalon.core.testobject.ObjectRepository.findTestObject(NewManuscript/journalfFieldSelection/HindawiFaraday): Finding Test Object with id 'Object Repository/NewManuscript/journalfFieldSelection/HindawiFaraday'

2018-03-27 10:31:39 - [TEST_STEP][PASSED] - click: Object: 'Object Repository/NewManuscript/journalfFieldSelection/HindawiFaraday' is clicked on

2018-03-27 10:31:40 - [MESSAGE][PASSED] - Object: 'Object Repository/NewManuscript/journalfFieldSelection/HindawiFaraday' is clicked on

2018-03-27 10:31:40 - [TEST_STEP][PASSED] - Statement - issue = com.kms.katalon.core.testobject.ObjectRepository.findTestObject(NewManuscript/journalfFieldSelection/Issue): Finding Test Object with id 'Object Repository/NewManuscript/journalfFieldSelection/Issue'

2018-03-27 10:31:40 - [TEST_STEP][PASSED] - click: Object: 'Object Repository/NewManuscript/journalfFieldSelection/Issue' is clicked on

2018-03-27 10:31:40 - [MESSAGE][PASSED] - Object: 'Object Repository/NewManuscript/journalfFieldSelection/Issue' is clicked on

2018-03-27 10:31:40 - [TEST_STEP][PASSED] - Statement - regularIssues = com.kms.katalon.core.testobject.ObjectRepository.findTestObject(NewManuscript/journalfFieldSelection/RegularIssues): Finding Test Object with id 'Object Repository/NewManuscript/journalfFieldSelection/RegularIssues'

2018-03-27 10:31:40 - [TEST_STEP][PASSED] - click: Object: 'Object Repository/NewManuscript/journalfFieldSelection/RegularIssues' is clicked on

2018-03-27 10:31:40 - [MESSAGE][PASSED] - Object: 'Object Repository/NewManuscript/journalfFieldSelection/RegularIssues' is clicked on

2018-03-27 10:31:40 - [TEST_STEP][PASSED] - Statement - nextButton = com.kms.katalon.core.testobject.ObjectRepository.findTestObject(NewManuscript/journalfFieldSelection/Next): Finding Test Object with id 'Object Repository/NewManuscript/journalfFieldSelection/Next'

2018-03-27 10:31:40 - [TEST_STEP][PASSED] - click: Object: 'Object Repository/NewManuscript/journalfFieldSelection/Next' is clicked on

2018-03-27 10:31:40 - [MESSAGE][PASSED] - Object: 'Object Repository/NewManuscript/journalfFieldSelection/Next' is clicked on

2018-03-27 10:31:40 - [TEST_STEP][PASSED] - Statement - hasEmail = com.kms.katalon.core.testobject.ObjectRepository.findTestObject(NewManuscript/preSubmissionChecklist/hasEmail): Finding Test Object with id 'Object Repository/NewManuscript/preSubmissionChecklist/hasEmail'

2018-03-27 10:31:40 - [TEST_STEP][PASSED] - check: Object 'Object Repository/NewManuscript/preSubmissionChecklist/hasEmail' is checked

2018-03-27 10:31:40 - [MESSAGE][PASSED] - Object 'Object Repository/NewManuscript/preSubmissionChecklist/hasEmail' is checked

2018-03-27 10:31:40 - [TEST_STEP][PASSED] - Statement - hasManuscript = com.kms.katalon.core.testobject.ObjectRepository.findTestObject(NewManuscript/preSubmissionChecklist/hasManuscript): Finding Test Object with id 'Object Repository/NewManuscript/preSubmissionChecklist/hasManuscript'

2018-03-27 10:31:40 - [TEST_STEP][PASSED] - check: Object 'Object Repository/NewManuscript/preSubmissionChecklist/hasManuscript' is checked

2018-03-27 10:31:40 - [MESSAGE][PASSED] - Object 'Object Repository/NewManuscript/preSubmissionChecklist/hasManuscript' is checked

2018-03-27 10:31:40 - [TEST_STEP][PASSED] - Statement - hasEfiles = com.kms.katalon.core.testobject.ObjectRepository.findTestObject(NewManuscript/preSubmissionChecklist/hasEfiles): Finding Test Object with id 'Object Repository/NewManuscript/preSubmissionChecklist/hasEfiles'

2018-03-27 10:31:40 - [TEST_STEP][PASSED] - check: Object 'Object Repository/NewManuscript/preSubmissionChecklist/hasEfiles' is checked

2018-03-27 10:31:40 - [MESSAGE][PASSED] - Object 'Object Repository/NewManuscript/preSubmissionChecklist/hasEfiles' is checked

2018-03-27 10:31:40 - [TEST_STEP][PASSED] - Statement - awareAndAccept = com.kms.katalon.core.testobject.ObjectRepository.findTestObject(NewManuscript/preSubmissionChecklist/awareAndAccept): Finding Test Object with id 'Object Repository/NewManuscript/preSubmissionChecklist/awareAndAccept'

2018-03-27 10:31:40 - [TEST_STEP][PASSED] - check: Object 'Object Repository/NewManuscript/preSubmissionChecklist/awareAndAccept' is checked

2018-03-27 10:31:41 - [MESSAGE][PASSED] - Object 'Object Repository/NewManuscript/preSubmissionChecklist/awareAndAccept' is checked

2018-03-27 10:31:41 - [TEST_STEP][PASSED] - Statement - hasOrcid = com.kms.katalon.core.testobject.ObjectRepository.findTestObject(NewManuscript/preSubmissionChecklist/hasOrcid): Finding Test Object with id 'Object Repository/NewManuscript/preSubmissionChecklist/hasOrcid'

2018-03-27 10:31:41 - [TEST_STEP][PASSED] - check: Object 'Object Repository/NewManuscript/preSubmissionChecklist/hasOrcid' is checked

2018-03-27 10:31:41 - [MESSAGE][PASSED] - Object 'Object Repository/NewManuscript/preSubmissionChecklist/hasOrcid' is checked

2018-03-27 10:31:41 - [TEST_STEP][PASSED] - Statement - submissionInstitutional = com.kms.katalon.core.testobject.ObjectRepository.findTestObject(NewManuscript/preSubmissionChecklist/submissionInstitutional): Finding Test Object with id 'Object Repository/NewManuscript/preSubmissionChecklist/submissionInstitutional'

2018-03-27 10:31:41 - [TEST_STEP][PASSED] - check: Object 'Object Repository/NewManuscript/preSubmissionChecklist/submissionInstitutional' is checked

2018-03-27 10:31:41 - [MESSAGE][PASSED] - Object 'Object Repository/NewManuscript/preSubmissionChecklist/submissionInstitutional' is checked

2018-03-27 10:31:41 - [TEST_STEP][PASSED] - Statement - Next = com.kms.katalon.core.testobject.ObjectRepository.findTestObject(NewManuscript/preSubmissionChecklist/Next): Finding Test Object with id 'Object Repository/NewManuscript/preSubmissionChecklist/Next'

2018-03-27 10:31:41 - [TEST_STEP][PASSED] - click: Object: 'Object Repository/NewManuscript/preSubmissionChecklist/Next' is clicked on

2018-03-27 10:31:41 - [MESSAGE][PASSED] - Object: 'Object Repository/NewManuscript/preSubmissionChecklist/Next' is clicked on

2018-03-27 10:31:41 - [TEST_STEP][PASSED] - Statement - manuscriptTitle = com.kms.katalon.core.testobject.ObjectRepository.findTestObject(NewManuscript/manuscriptAuthorsDetails/manuscriptTitle): Finding Test Object with id 'Object Repository/NewManuscript/manuscriptAuthorsDetails/manuscriptTitle'

2018-03-27 10:31:41 - [TEST_STEP][PASSED] - click: Object: 'Object Repository/NewManuscript/manuscriptAuthorsDetails/manuscriptTitle' is clicked on

2018-03-27 10:31:41 - [MESSAGE][PASSED] - Object: 'Object Repository/NewManuscript/manuscriptAuthorsDetails/manuscriptTitle' is clicked on

2018-03-27 10:31:41 - [TEST_STEP][PASSED] - sendKeys: Keys 'A new random title' sent to object: 'Object Repository/NewManuscript/manuscriptAuthorsDetails/manuscriptTitle'

2018-03-27 10:31:42 - [MESSAGE][PASSED] - Keys 'A new random title' sent to object: 'Object Repository/NewManuscript/manuscriptAuthorsDetails/manuscriptTitle'

2018-03-27 10:31:42 - [TEST_STEP][PASSED] - Statement - manuscriptType = com.kms.katalon.core.testobject.ObjectRepository.findTestObject(NewManuscript/manuscriptAuthorsDetails/manuscriptType): Finding Test Object with id 'Object Repository/NewManuscript/manuscriptAuthorsDetails/manuscriptType'

2018-03-27 10:31:42 - [TEST_STEP][PASSED] - click: Object: 'Object Repository/NewManuscript/manuscriptAuthorsDetails/manuscriptType' is clicked on

2018-03-27 10:31:42 - [MESSAGE][PASSED] - Object: 'Object Repository/NewManuscript/manuscriptAuthorsDetails/manuscriptType' is clicked on

2018-03-27 10:31:42 - [TEST_STEP][PASSED] - Statement - research = com.kms.katalon.core.testobject.ObjectRepository.findTestObject(NewManuscript/manuscriptAuthorsDetails/Research): Finding Test Object with id 'Object Repository/NewManuscript/manuscriptAuthorsDetails/Research'

2018-03-27 10:31:42 - [TEST_STEP][PASSED] - click: Object: 'Object Repository/NewManuscript/manuscriptAuthorsDetails/Research' is clicked on

2018-03-27 10:31:42 - [MESSAGE][PASSED] - Object: 'Object Repository/NewManuscript/manuscriptAuthorsDetails/Research' is clicked on

2018-03-27 10:31:42 - [TEST_STEP][PASSED] - Statement - abstractField = com.kms.katalon.core.testobject.ObjectRepository.findTestObject(NewManuscript/manuscriptAuthorsDetails/abstractField): Finding Test Object with id 'Object Repository/NewManuscript/manuscriptAuthorsDetails/abstractField'

2018-03-27 10:31:42 - [TEST_STEP][PASSED] - click: Object: 'Object Repository/NewManuscript/manuscriptAuthorsDetails/abstractField' is clicked on

2018-03-27 10:31:42 - [MESSAGE][PASSED] - Object: 'Object Repository/NewManuscript/manuscriptAuthorsDetails/abstractField' is clicked on

2018-03-27 10:31:42 - [TEST_STEP][PASSED] - sendKeys: Keys 'A new random abstract text' sent to object: 'Object Repository/NewManuscript/manuscriptAuthorsDetails/abstractField'

2018-03-27 10:31:42 - [MESSAGE][PASSED] - Keys 'A new random abstract text' sent to object: 'Object Repository/NewManuscript/manuscriptAuthorsDetails/abstractField'

2018-03-27 10:31:42 - [TEST_STEP][PASSED] - Statement - addAuthor = com.kms.katalon.core.testobject.ObjectRepository.findTestObject(NewManuscript/manuscriptAuthorsDetails/addAuthor): Finding Test Object with id 'Object Repository/NewManuscript/manuscriptAuthorsDetails/addAuthor'

2018-03-27 10:31:42 - [TEST_STEP][PASSED] - click: Object: 'Object Repository/NewManuscript/manuscriptAuthorsDetails/addAuthor' is clicked on

2018-03-27 10:31:43 - [MESSAGE][PASSED] - Object: 'Object Repository/NewManuscript/manuscriptAuthorsDetails/addAuthor' is clicked on

2018-03-27 10:31:43 - [TEST_STEP][PASSED] - Statement - firstName = com.kms.katalon.core.testobject.ObjectRepository.findTestObject(NewManuscript/manuscriptAuthorsDetails/firstName): Finding Test Object with id 'Object Repository/NewManuscript/manuscriptAuthorsDetails/firstName'

2018-03-27 10:31:43 - [TEST_STEP][PASSED] - setText: Text 'Vlad' is set on object 'Object Repository/NewManuscript/manuscriptAuthorsDetails/firstName'

2018-03-27 10:31:43 - [MESSAGE][PASSED] - Text 'Vlad' is set on object 'Object Repository/NewManuscript/manuscriptAuthorsDetails/firstName'

2018-03-27 10:31:43 - [TEST_STEP][PASSED] - Statement - lastName = com.kms.katalon.core.testobject.ObjectRepository.findTestObject(NewManuscript/manuscriptAuthorsDetails/lastName): Finding Test Object with id 'Object Repository/NewManuscript/manuscriptAuthorsDetails/lastName'

2018-03-27 10:31:43 - [TEST_STEP][PASSED] - setText: Text 'Stegaru' is set on object 'Object Repository/NewManuscript/manuscriptAuthorsDetails/lastName'

2018-03-27 10:31:43 - [MESSAGE][PASSED] - Text 'Stegaru' is set on object 'Object Repository/NewManuscript/manuscriptAuthorsDetails/lastName'

2018-03-27 10:31:43 - [TEST_STEP][PASSED] - Statement - email = com.kms.katalon.core.testobject.ObjectRepository.findTestObject(NewManuscript/manuscriptAuthorsDetails/email): Finding Test Object with id 'Object Repository/NewManuscript/manuscriptAuthorsDetails/email'

2018-03-27 10:31:43 - [TEST_STEP][PASSED] - setText: Text 'vlad.stegaru+newuser1@thinslices.com' is set on object 'Object Repository/NewManuscript/manuscriptAuthorsDetails/email'

2018-03-27 10:31:44 - [MESSAGE][PASSED] - Text 'vlad.stegaru+newuser1@thinslices.com' is set on object 'Object Repository/NewManuscript/manuscriptAuthorsDetails/email'

2018-03-27 10:31:44 - [TEST_STEP][PASSED] - Statement - affiliation = com.kms.katalon.core.testobject.ObjectRepository.findTestObject(NewManuscript/manuscriptAuthorsDetails/affiliation): Finding Test Object with id 'Object Repository/NewManuscript/manuscriptAuthorsDetails/affiliation'

2018-03-27 10:31:44 - [TEST_STEP][PASSED] - setText: Text 'University' is set on object 'Object Repository/NewManuscript/manuscriptAuthorsDetails/affiliation'

2018-03-27 10:31:45 - [MESSAGE][PASSED] - Text 'University' is set on object 'Object Repository/NewManuscript/manuscriptAuthorsDetails/affiliation'

2018-03-27 10:31:45 - [TEST_STEP][PASSED] - Statement - country = com.kms.katalon.core.testobject.ObjectRepository.findTestObject(NewManuscript/manuscriptAuthorsDetails/country): Finding Test Object with id 'Object Repository/NewManuscript/manuscriptAuthorsDetails/country'

2018-03-27 10:31:45 - [TEST_STEP][PASSED] - click: Object: 'Object Repository/NewManuscript/manuscriptAuthorsDetails/country' is clicked on

2018-03-27 10:31:45 - [MESSAGE][PASSED] - Object: 'Object Repository/NewManuscript/manuscriptAuthorsDetails/country' is clicked on

2018-03-27 10:31:45 - [TEST_STEP][PASSED] - Statement - countryOption = com.kms.katalon.core.testobject.ObjectRepository.findTestObject(NewManuscript/manuscriptAuthorsDetails/countryOption): Finding Test Object with id 'Object Repository/NewManuscript/manuscriptAuthorsDetails/countryOption'

2018-03-27 10:31:45 - [TEST_STEP][PASSED] - click: Object: 'Object Repository/NewManuscript/manuscriptAuthorsDetails/countryOption' is clicked on

2018-03-27 10:31:45 - [MESSAGE][PASSED] - Object: 'Object Repository/NewManuscript/manuscriptAuthorsDetails/countryOption' is clicked on

2018-03-27 10:31:45 - [TEST_STEP][PASSED] - Statement - SaveButton = com.kms.katalon.core.testobject.ObjectRepository.findTestObject(NewManuscript/manuscriptAuthorsDetails/Save): Finding Test Object with id 'Object Repository/NewManuscript/manuscriptAuthorsDetails/Save'

2018-03-27 10:31:45 - [TEST_STEP][PASSED] - click: Object: 'Object Repository/NewManuscript/manuscriptAuthorsDetails/Save' is clicked on

2018-03-27 10:31:45 - [MESSAGE][PASSED] - Object: 'Object Repository/NewManuscript/manuscriptAuthorsDetails/Save' is clicked on

2018-03-27 10:31:45 - [TEST_STEP][PASSED] - Statement - submittingAuthor = com.kms.katalon.core.testobject.ObjectRepository.findTestObject(NewManuscript/manuscriptAuthorsDetails/submittingAuthor): Finding Test Object with id 'Object Repository/NewManuscript/manuscriptAuthorsDetails/submittingAuthor'

2018-03-27 10:31:45 - [TEST_STEP][PASSED] - waitForElementPresent: Object 'Object Repository/NewManuscript/manuscriptAuthorsDetails/submittingAuthor' is present

2018-03-27 10:31:46 - [MESSAGE][PASSED] - Object 'Object Repository/NewManuscript/manuscriptAuthorsDetails/submittingAuthor' is present

2018-03-27 10:31:46 - [TEST_STEP][PASSED] - Statement - noButton = com.kms.katalon.core.testobject.ObjectRepository.findTestObject(NewManuscript/manuscriptAuthorsDetails/no): Finding Test Object with id 'Object Repository/NewManuscript/manuscriptAuthorsDetails/no'

2018-03-27 10:31:46 - [TEST_STEP][PASSED] - click: Object: 'Object Repository/NewManuscript/manuscriptAuthorsDetails/no' is clicked on

2018-03-27 10:31:46 - [MESSAGE][PASSED] - Object: 'Object Repository/NewManuscript/manuscriptAuthorsDetails/no' is clicked on

2018-03-27 10:31:46 - [TEST_STEP][PASSED] - Statement - NextButton = com.kms.katalon.core.testobject.ObjectRepository.findTestObject(NewManuscript/manuscriptAuthorsDetails/Next): Finding Test Object with id 'Object Repository/NewManuscript/manuscriptAuthorsDetails/Next'

2018-03-27 10:31:46 - [TEST_STEP][PASSED] - click: Object: 'Object Repository/NewManuscript/manuscriptAuthorsDetails/Next' is clicked on

2018-03-27 10:31:46 - [MESSAGE][PASSED] - Object: 'Object Repository/NewManuscript/manuscriptAuthorsDetails/Next' is clicked on

2018-03-27 10:31:46 - [TEST_STEP][PASSED] - Statement - attachFile = com.kms.katalon.core.testobject.ObjectRepository.findTestObject(NewManuscript/manuscriptFilesUpload/attachManuscript): Finding Test Object with id 'Object Repository/NewManuscript/manuscriptFilesUpload/attachManuscript'

2018-03-27 10:31:46 - [TEST_STEP][PASSED] - Statement - submitManuscript = com.kms.katalon.core.testobject.ObjectRepository.findTestObject(NewManuscript/manuscriptFilesUpload/submitManuscript): Finding Test Object with id 'Object Repository/NewManuscript/manuscriptFilesUpload/submitManuscript'

2018-03-27 10:31:46 - [TEST_STEP][PASSED] - click: Object: 'Object Repository/NewManuscript/manuscriptFilesUpload/submitManuscript' is clicked on

2018-03-27 10:31:47 - [MESSAGE][PASSED] - Object: 'Object Repository/NewManuscript/manuscriptFilesUpload/submitManuscript' is clicked on

2018-03-27 10:31:47 - [TEST_STEP][PASSED] - Statement - goToDashboard = com.kms.katalon.core.testobject.ObjectRepository.findTestObject(Resume/goToDashboard): Finding Test Object with id 'Object Repository/Resume/goToDashboard'

2018-03-27 10:31:47 - [TEST_STEP][PASSED] - click: Object: 'Object Repository/Resume/goToDashboard' is clicked on

2018-03-27 10:31:47 - [MESSAGE][PASSED] - Object: 'Object Repository/Resume/goToDashboard' is clicked on

2018-03-27 10:31:47 - [TEST_STEP][PASSED] - closeBrowser: Browser is closed

2018-03-27 10:31:47 - [MESSAGE][PASSED] - Browser is closed]]></system-out>
         <system-err><![CDATA[]]></system-err>
      </testcase>
      <testcase name="Test Cases/Edit a new user/Edit new user" classname="Test Cases/Edit a new user/Edit new user" status="PASSED">
         <system-out><![CDATA[2018-03-27 10:31:47 - [TEST_CASE][PASSED] - Test Cases/Edit a new user/Edit new user: Test Cases/Edit a new user/Edit new user

2018-03-27 10:31:47 - [TEST_STEP][PASSED] - openBrowser: Browser is opened with url: 'null'

2018-03-27 10:31:48 - [MESSAGE][PASSED] - Browser is opened with url: 'null'

2018-03-27 10:31:48 - [TEST_STEP][PASSED] - navigateToUrl: Navigate to 'https://xpub-faraday.now.sh' successfully

2018-03-27 10:31:53 - [MESSAGE][PASSED] - Navigate to 'https://xpub-faraday.now.sh' successfully

2018-03-27 10:31:53 - [TEST_STEP][PASSED] - Statement - username = com.kms.katalon.core.testobject.ObjectRepository.findTestObject(SignIn/username): Finding Test Object with id 'Object Repository/SignIn/username'

2018-03-27 10:31:53 - [TEST_STEP][PASSED] - click: Object: 'Object Repository/SignIn/username' is clicked on

2018-03-27 10:31:53 - [MESSAGE][PASSED] - Object: 'Object Repository/SignIn/username' is clicked on

2018-03-27 10:31:53 - [TEST_STEP][PASSED] - setText: Text 'admin' is set on object 'Object Repository/SignIn/username'

2018-03-27 10:31:53 - [MESSAGE][PASSED] - Text 'admin' is set on object 'Object Repository/SignIn/username'

2018-03-27 10:31:53 - [TEST_STEP][PASSED] - Statement - password = com.kms.katalon.core.testobject.ObjectRepository.findTestObject(SignIn/password): Finding Test Object with id 'Object Repository/SignIn/password'

2018-03-27 10:31:53 - [TEST_STEP][PASSED] - click: Object: 'Object Repository/SignIn/password' is clicked on

2018-03-27 10:31:53 - [MESSAGE][PASSED] - Object: 'Object Repository/SignIn/password' is clicked on

2018-03-27 10:31:53 - [TEST_STEP][PASSED] - setText: Text 'admin123' is set on object 'Object Repository/SignIn/password'

2018-03-27 10:31:53 - [MESSAGE][PASSED] - Text 'admin123' is set on object 'Object Repository/SignIn/password'

2018-03-27 10:31:53 - [TEST_STEP][PASSED] - Statement - login = com.kms.katalon.core.testobject.ObjectRepository.findTestObject(SignIn/login): Finding Test Object with id 'Object Repository/SignIn/login'

2018-03-27 10:31:53 - [TEST_STEP][PASSED] - click: Object: 'Object Repository/SignIn/login' is clicked on

2018-03-27 10:31:53 - [MESSAGE][PASSED] - Object: 'Object Repository/SignIn/login' is clicked on

2018-03-27 10:31:53 - [TEST_STEP][PASSED] - Statement - admin = com.kms.katalon.core.testobject.ObjectRepository.findTestObject(NewUser/adminButton): Finding Test Object with id 'Object Repository/NewUser/adminButton'

2018-03-27 10:31:53 - [TEST_STEP][PASSED] - click: Object: 'Object Repository/NewUser/adminButton' is clicked on

2018-03-27 10:31:56 - [MESSAGE][PASSED] - Object: 'Object Repository/NewUser/adminButton' is clicked on

2018-03-27 10:31:56 - [TEST_STEP][PASSED] - Statement - adminDashboard = com.kms.katalon.core.testobject.ObjectRepository.findTestObject(NewUser/adminDashboard): Finding Test Object with id 'Object Repository/NewUser/adminDashboard'

2018-03-27 10:31:56 - [TEST_STEP][PASSED] - click: Object: 'Object Repository/NewUser/adminDashboard' is clicked on

2018-03-27 10:31:56 - [MESSAGE][PASSED] - Object: 'Object Repository/NewUser/adminDashboard' is clicked on

2018-03-27 10:31:56 - [TEST_STEP][PASSED] - Statement - users = com.kms.katalon.core.testobject.ObjectRepository.findTestObject(NewUser/users): Finding Test Object with id 'Object Repository/NewUser/users'

2018-03-27 10:31:56 - [TEST_STEP][PASSED] - click: Object: 'Object Repository/NewUser/users' is clicked on

2018-03-27 10:31:56 - [MESSAGE][PASSED] - Object: 'Object Repository/NewUser/users' is clicked on

2018-03-27 10:31:56 - [TEST_STEP][PASSED] - Statement - admin = com.kms.katalon.core.testobject.ObjectRepository.findTestObject(EditUser/td_user): Finding Test Object with id 'Object Repository/EditUser/td_user'

2018-03-27 10:31:56 - [TEST_STEP][PASSED] - mouseOver: Object: 'Object Repository/EditUser/td_user' is hovered

2018-03-27 10:31:57 - [MESSAGE][PASSED] - Object: 'Object Repository/EditUser/td_user' is hovered

2018-03-27 10:31:57 - [TEST_STEP][PASSED] - waitForElementVisible: Object 'Object Repository/EditUser/td_user' is visible

2018-03-27 10:31:57 - [MESSAGE][PASSED] - Object 'Object Repository/EditUser/td_user' is visible

2018-03-27 10:31:57 - [TEST_STEP][PASSED] - Statement - edit = com.kms.katalon.core.testobject.ObjectRepository.findTestObject(EditUser/a_Edit): Finding Test Object with id 'Object Repository/EditUser/a_Edit'

2018-03-27 10:31:57 - [TEST_STEP][PASSED] - click: Object: 'Object Repository/EditUser/a_Edit' is clicked on

2018-03-27 10:31:57 - [MESSAGE][PASSED] - Object: 'Object Repository/EditUser/a_Edit' is clicked on

2018-03-27 10:31:57 - [TEST_STEP][PASSED] - Statement - firstName = com.kms.katalon.core.testobject.ObjectRepository.findTestObject(EditUser/firstName): Finding Test Object with id 'Object Repository/EditUser/firstName'

2018-03-27 10:31:57 - [TEST_STEP][PASSED] - click: Object: 'Object Repository/EditUser/firstName' is clicked on

2018-03-27 10:31:58 - [MESSAGE][PASSED] - Object: 'Object Repository/EditUser/firstName' is clicked on

2018-03-27 10:31:58 - [TEST_STEP][PASSED] - setText: Text 'John' is set on object 'Object Repository/EditUser/firstName'

2018-03-27 10:31:58 - [MESSAGE][PASSED] - Text 'John' is set on object 'Object Repository/EditUser/firstName'

2018-03-27 10:31:58 - [TEST_STEP][PASSED] - Statement - lastName = com.kms.katalon.core.testobject.ObjectRepository.findTestObject(EditUser/lastName): Finding Test Object with id 'Object Repository/EditUser/lastName'

2018-03-27 10:31:58 - [TEST_STEP][PASSED] - click: Object: 'Object Repository/EditUser/lastName' is clicked on

2018-03-27 10:31:59 - [MESSAGE][PASSED] - Object: 'Object Repository/EditUser/lastName' is clicked on

2018-03-27 10:31:59 - [TEST_STEP][PASSED] - setText: Text 'Smith' is set on object 'Object Repository/EditUser/lastName'

2018-03-27 10:31:59 - [MESSAGE][PASSED] - Text 'Smith' is set on object 'Object Repository/EditUser/lastName'

2018-03-27 10:31:59 - [TEST_STEP][PASSED] - Statement - affiliation = com.kms.katalon.core.testobject.ObjectRepository.findTestObject(EditUser/affiliation): Finding Test Object with id 'Object Repository/EditUser/affiliation'

2018-03-27 10:31:59 - [TEST_STEP][PASSED] - click: Object: 'Object Repository/EditUser/affiliation' is clicked on

2018-03-27 10:31:59 - [MESSAGE][PASSED] - Object: 'Object Repository/EditUser/affiliation' is clicked on

2018-03-27 10:31:59 - [TEST_STEP][PASSED] - setText: Text 'University' is set on object 'Object Repository/EditUser/affiliation'

2018-03-27 10:31:59 - [MESSAGE][PASSED] - Text 'University' is set on object 'Object Repository/EditUser/affiliation'

2018-03-27 10:31:59 - [TEST_STEP][PASSED] - Statement - title = com.kms.katalon.core.testobject.ObjectRepository.findTestObject(EditUser/titleDropDown): Finding Test Object with id 'Object Repository/EditUser/titleDropDown'

2018-03-27 10:31:59 - [TEST_STEP][PASSED] - click: Object: 'Object Repository/EditUser/titleDropDown' is clicked on

2018-03-27 10:31:59 - [MESSAGE][PASSED] - Object: 'Object Repository/EditUser/titleDropDown' is clicked on

2018-03-27 10:31:59 - [TEST_STEP][PASSED] - Statement - professor = com.kms.katalon.core.testobject.ObjectRepository.findTestObject(EditUser/Professor): Finding Test Object with id 'Object Repository/EditUser/Professor'

2018-03-27 10:31:59 - [TEST_STEP][PASSED] - click: Object: 'Object Repository/EditUser/Professor' is clicked on

2018-03-27 10:31:59 - [MESSAGE][PASSED] - Object: 'Object Repository/EditUser/Professor' is clicked on

2018-03-27 10:31:59 - [TEST_STEP][PASSED] - Statement - editorInChief = com.kms.katalon.core.testobject.ObjectRepository.findTestObject(EditUser/editorInChief): Finding Test Object with id 'Object Repository/EditUser/editorInChief'

2018-03-27 10:31:59 - [TEST_STEP][PASSED] - click: Object: 'Object Repository/EditUser/editorInChief' is clicked on

2018-03-27 10:31:59 - [MESSAGE][PASSED] - Object: 'Object Repository/EditUser/editorInChief' is clicked on

2018-03-27 10:31:59 - [TEST_STEP][PASSED] - Statement - save = com.kms.katalon.core.testobject.ObjectRepository.findTestObject(EditUser/save): Finding Test Object with id 'Object Repository/EditUser/save'

2018-03-27 10:31:59 - [TEST_STEP][PASSED] - click: Object: 'Object Repository/EditUser/save' is clicked on

2018-03-27 10:31:59 - [MESSAGE][PASSED] - Object: 'Object Repository/EditUser/save' is clicked on]]></system-out>
         <system-err><![CDATA[]]></system-err>
      </testcase>
      <system-out><![CDATA[2018-03-27 10:31:16 - [TEST_SUITE][PASSED] - LoginNewUserEdit: Test Cases/Edit a new user/Edit new user]]></system-out>
      <system-err><![CDATA[]]></system-err>
   </testsuite>
</testsuites>
